
------------------------------
Network width: 5
Network depth: 5
Number of nodes: 25
Number of arcs: 52

Boykov-Kolmogorov time: 0 ms

Time to find closure: 0 ms

Total run time: 0 ms

------------------------------

------------------------------
Network width: 1000
Network depth: 20
Number of nodes: 20000
Number of arcs: 56962

Boykov-Kolmogorov time: 230 ms

Time to find closure: 40 ms

Total run time: 270 ms

------------------------------

------------------------------
Network width: 10000
Network depth: 50
Number of nodes: 500000
Number of arcs: 1469902

Boykov-Kolmogorov time: 6420 ms

Time to find closure: 1260 ms

Total run time: 7680 ms

------------------------------

------------------------------
Network width: 50000
Network depth: 50
Number of nodes: 2500000
Number of arcs: 7349902

Boykov-Kolmogorov time: 33650 ms

Time to find closure: 6240 ms

Total run time: 39890 ms

------------------------------
