
------------------------------
Network width: 5
Network depth: 5
Number of nodes: 25
Number of arcs: 52

Boykov-Kolmogorov time: 0 ms

Time to find closure: 0 ms

Total run time: 0 ms

------------------------------

------------------------------
Network width: 1000
Network depth: 20
Number of nodes: 20000
Number of arcs: 56962

Boykov-Kolmogorov time: 90 ms

Time to find closure: 20 ms

Total run time: 110 ms

------------------------------

------------------------------
Network width: 10000
Network depth: 50
Number of nodes: 500000
Number of arcs: 1469902

Boykov-Kolmogorov time: 3240 ms

Time to find closure: 620 ms

Total run time: 3860 ms

------------------------------
srun: Job step aborted: Waiting up to 2 seconds for job step to finish.
slurmstepd: *** JOB 1011061 CANCELLED AT 2016-06-30T12:23:55 *** on hs1
