
------------------------------
Network width: 5
Network depth: 5
Number of nodes: 25
Number of arcs: 52


Time to read file: 0 ms
Time to build graph: 0 ms
Boykov-Kolmogorov time: 0 ms

Time to find closure: 0 ms

Total run time: 0 ms

------------------------------

------------------------------
Network width: 1000
Network depth: 20
Number of nodes: 20000
Number of arcs: 56962


Time to read file: 150 ms
Time to build graph: 50 ms
Boykov-Kolmogorov time: 80 ms

Time to find closure: 20 ms

Total run time: 100 ms

------------------------------
srun: Job step aborted: Waiting up to 2 seconds for job step to finish.
slurmstepd: *** JOB 1011070 CANCELLED AT 2016-06-30T12:29:43 *** on hs14
