
------------------------------
Network width: 5
Network depth: 5
Number of nodes: 25
Number of arcs: 52

Boykov-Kolmogorov time: 0 ms
Push-relabel time: 0 ms

Total run time: 0 ms

------------------------------

------------------------------
Network width: 1000
Network depth: 20
Number of nodes: 20000
Number of arcs: 56962

Boykov-Kolmogorov time: 100 ms
Push-relabel time: 530 ms

Total run time: 630 ms

------------------------------

------------------------------
Network width: 10000
Network depth: 50
Number of nodes: 500000
Number of arcs: 1469902

Boykov-Kolmogorov time: 2210 ms
Push-relabel time: 18460 ms

Total run time: 20670 ms

------------------------------
slurmstepd: Step 1010867.3 exceeded memory limit (5974944 > 3584000), being killed
slurmstepd: *** STEP 1010867.3 CANCELLED AT 2016-06-30T10:59:35 *** on hs2
srun: Job step aborted: Waiting up to 2 seconds for job step to finish.
slurmstepd: Exceeded job memory limit
srun: error: hs2: task 0: Killed
