
------------------------------
Network width: 5
Network depth: 5
Number of nodes: 25
Number of arcs: 52

Boykov-Kolmogorov time: 0 ms
Push-relabel time: 0 ms

Total run time: 0 ms

------------------------------

------------------------------
Network width: 1000
Network depth: 20
Number of nodes: 20000
Number of arcs: 56962

Boykov-Kolmogorov time: 70 ms
Push-relabel time: 480 ms

Total run time: 550 ms

------------------------------

------------------------------
Network width: 10000
Network depth: 50
Number of nodes: 500000
Number of arcs: 1469902

Boykov-Kolmogorov time: 2420 ms
Push-relabel time: 19440 ms

Total run time: 21860 ms

------------------------------

------------------------------
Network width: 50000
Network depth: 50
Number of nodes: 2500000
Number of arcs: 7349902

Boykov-Kolmogorov time: 18160 ms
Push-relabel time: 115790 ms

Total run time: 133950 ms

------------------------------
