
------------------------------
Network width: 5
Network depth: 5
Number of nodes: 25
Number of arcs: 52

Boykov-Kolmogorov time: 0 ms

Time to find closure: 0 ms

Total run time: 0 ms

------------------------------

------------------------------
Network width: 1000
Network depth: 20
Number of nodes: 20000
Number of arcs: 56962

Boykov-Kolmogorov time: 110 ms

Time to find closure: 10 ms

Total run time: 120 ms

------------------------------

------------------------------
Network width: 10000
Network depth: 50
Number of nodes: 500000
Number of arcs: 1469902

Boykov-Kolmogorov time: 2950 ms

Time to find closure: 490 ms

Total run time: 3440 ms

------------------------------

------------------------------
Network width: 50000
Network depth: 50
Number of nodes: 2500000
Number of arcs: 7349902

Boykov-Kolmogorov time: 14540 ms

Time to find closure: 2470 ms

Total run time: 17010 ms

------------------------------

------------------------------
Network width: 50000
Network depth: 100
Number of nodes: 5000000
Number of arcs: 14849802

Boykov-Kolmogorov time: 29930 ms

Time to find closure: 5170 ms

Total run time: 35100 ms

------------------------------
slurmstepd: Step 1011021.5 exceeded memory limit (40977208 > 40960000), being killed
srun: Job step aborted: Waiting up to 2 seconds for job step to finish.
slurmstepd: Exceeded job memory limit
slurmstepd: *** STEP 1011021.5 CANCELLED AT 2016-06-30T12:31:47 *** on hs6
srun: error: Timed out waiting for job step to complete
